<?xml version="1.0" encoding="UTF-8"?>
<testng-results skipped="0" failed="0" ignored="0" total="2" passed="2">
  <reporter-output>
  </reporter-output>
  <suite name="Surefire suite" duration-ms="27606" started-at="2020-05-04T08:19:43 IST" finished-at="2020-05-04T08:20:10 IST">
    <groups>
    </groups>
    <test name="Surefire test" duration-ms="27606" started-at="2020-05-04T08:19:43 IST" finished-at="2020-05-04T08:20:10 IST">
      <class name="FacebookLoginTest">
        <test-method status="PASS" signature="Setup()[pri:0, instance:FacebookLoginTest@5ec0a365]" name="Setup" is-config="true" duration-ms="22446" started-at="2020-05-04T08:19:43 IST" finished-at="2020-05-04T08:20:05 IST">
          <reporter-output>
          </reporter-output>
        </test-method> <!-- Setup -->
        <test-method status="PASS" signature="fblogin()[pri:0, instance:FacebookLoginTest@5ec0a365]" name="fblogin" duration-ms="2653" started-at="2020-05-04T08:20:05 IST" finished-at="2020-05-04T08:20:08 IST">
          <reporter-output>
          </reporter-output>
        </test-method> <!-- fblogin -->
        <test-method status="PASS" signature="tearDown()[pri:0, instance:FacebookLoginTest@5ec0a365]" name="tearDown" duration-ms="2379" started-at="2020-05-04T08:20:08 IST" finished-at="2020-05-04T08:20:10 IST">
          <reporter-output>
          </reporter-output>
        </test-method> <!-- tearDown -->
        <test-method status="PASS" signature="tearDown()[pri:0, instance:FacebookLoginTest@5ec0a365]" name="tearDown" is-config="true" duration-ms="1" started-at="2020-05-04T08:20:10 IST" finished-at="2020-05-04T08:20:10 IST">
          <reporter-output>
          </reporter-output>
        </test-method> <!-- tearDown -->
      </class> <!-- FacebookLoginTest -->
    </test> <!-- Surefire test -->
  </suite> <!-- Surefire suite -->
</testng-results>
